
*** Running vivado
    with args -log fir_compiler_0.vds -m64 -product Vivado -mode batch -messageDb vivado.pb -notrace -source fir_compiler_0.tcl



****** Vivado v2024.1 (64-bit)
  **** SW Build 5076996 on Wed May 22 18:37:14 MDT 2024
  **** IP Build 5075265 on Wed May 22 21:45:21 MDT 2024
  **** SharedData Build 5076995 on Wed May 22 18:29:18 MDT 2024
  **** Start of session at: Tue Nov 26 20:14:53 2024
    ** Copyright 1986-2022 Xilinx, Inc. All Rights Reserved.
    ** Copyright 2022-2024 Advanced Micro Devices, Inc. All Rights Reserved.

source fir_compiler_0.tcl -notrace
create_project: Time (s): cpu = 00:00:15 ; elapsed = 00:00:17 . Memory (MB): peak = 613.969 ; gain = 199.938
INFO: [IP_Flow 19-6924] IPCACHE: Running cache check for IP inst: fir_compiler_0
Command: synth_design -top fir_compiler_0 -part xc7z020clg400-2 -incremental_mode off -mode out_of_context
Starting synth_design
Attempting to get a license for feature 'Synthesis' and/or device 'xc7z020'
INFO: [Common 17-349] Got license for feature 'Synthesis' and/or device 'xc7z020'
INFO: [Device 21-403] Loading part xc7z020clg400-2
INFO: [Device 21-9227] Part: xc7z020clg400-2 does not have CEAM library.
INFO: [Synth 8-7079] Multithreading enabled for synth_design using a maximum of 2 processes.
INFO: [Synth 8-7078] Launching helper process for spawning children vivado processes
INFO: [Synth 8-7075] Helper process launched with PID 16020
---------------------------------------------------------------------------------
Starting RTL Elaboration : Time (s): cpu = 00:00:19 ; elapsed = 00:00:20 . Memory (MB): peak = 1504.375 ; gain = 449.516
---------------------------------------------------------------------------------
INFO: [Synth 8-638] synthesizing module 'fir_compiler_0' [f:/AI/project_3/project_3.gen/sources_1/ip/fir_compiler_0/synth/fir_compiler_0.vhd:70]
	Parameter C_XDEVICEFAMILY bound to: zynq - type: string 
	Parameter C_ELABORATION_DIR bound to: ./ - type: string 
	Parameter C_COMPONENT_NAME bound to: fir_compiler_0 - type: string 
	Parameter C_COEF_FILE bound to: fir_compiler_0.mif - type: string 
	Parameter C_COEF_FILE_LINES bound to: 128 - type: integer 
	Parameter C_FILTER_TYPE bound to: 2 - type: integer 
	Parameter C_INTERP_RATE bound to: 32 - type: integer 
	Parameter C_DECIM_RATE bound to: 1 - type: integer 
	Parameter C_ZERO_PACKING_FACTOR bound to: 1 - type: integer 
	Parameter C_SYMMETRY bound to: 1 - type: integer 
	Parameter C_NUM_FILTS bound to: 1 - type: integer 
	Parameter C_NUM_TAPS bound to: 193 - type: integer 
	Parameter C_NUM_CHANNELS bound to: 1 - type: integer 
	Parameter C_CHANNEL_PATTERN bound to: fixed - type: string 
	Parameter C_ROUND_MODE bound to: 0 - type: integer 
	Parameter C_COEF_RELOAD bound to: 0 - type: integer 
	Parameter C_NUM_RELOAD_SLOTS bound to: 1 - type: integer 
	Parameter C_COL_MODE bound to: 1 - type: integer 
	Parameter C_COL_PIPE_LEN bound to: 5 - type: integer 
	Parameter C_COL_CONFIG bound to: 4 - type: string 
	Parameter C_OPTIMIZATION bound to: 0 - type: integer 
	Parameter C_DATA_PATH_WIDTHS bound to: 2 - type: string 
	Parameter C_DATA_IP_PATH_WIDTHS bound to: 2 - type: string 
	Parameter C_DATA_PX_PATH_WIDTHS bound to: 2 - type: string 
	Parameter C_DATA_WIDTH bound to: 2 - type: integer 
	Parameter C_COEF_PATH_WIDTHS bound to: 17 - type: string 
	Parameter C_COEF_WIDTH bound to: 16 - type: integer 
	Parameter C_DATA_PATH_SRC bound to: 0 - type: string 
	Parameter C_COEF_PATH_SRC bound to: 0 - type: string 
	Parameter C_PX_PATH_SRC bound to: 0 - type: string 
	Parameter C_DATA_PATH_SIGN bound to: 0 - type: string 
	Parameter C_COEF_PATH_SIGN bound to: 0 - type: string 
	Parameter C_ACCUM_PATH_WIDTHS bound to: 19 - type: string 
	Parameter C_OUTPUT_WIDTH bound to: 18 - type: integer 
	Parameter C_OUTPUT_PATH_WIDTHS bound to: 18 - type: string 
	Parameter C_ACCUM_OP_PATH_WIDTHS bound to: 18 - type: string 
	Parameter C_EXT_MULT_CNFG bound to: none - type: string 
	Parameter C_DATA_PATH_PSAMP_SRC bound to: 0 - type: string 
	Parameter C_OP_PATH_PSAMP_SRC bound to: 0 - type: string 
	Parameter C_NUM_MADDS bound to: 4 - type: integer 
	Parameter C_OPT_MADDS bound to: none - type: string 
	Parameter C_OVERSAMPLING_RATE bound to: 1 - type: integer 
	Parameter C_INPUT_RATE bound to: 32 - type: integer 
	Parameter C_OUTPUT_RATE bound to: 1 - type: integer 
	Parameter C_DATA_MEMTYPE bound to: 0 - type: integer 
	Parameter C_COEF_MEMTYPE bound to: 2 - type: integer 
	Parameter C_IPBUFF_MEMTYPE bound to: 0 - type: integer 
	Parameter C_OPBUFF_MEMTYPE bound to: 2 - type: integer 
	Parameter C_DATAPATH_MEMTYPE bound to: 0 - type: integer 
	Parameter C_MEM_ARRANGEMENT bound to: 1 - type: integer 
	Parameter C_DATA_MEM_PACKING bound to: 0 - type: integer 
	Parameter C_COEF_MEM_PACKING bound to: 0 - type: integer 
	Parameter C_FILTS_PACKED bound to: 0 - type: integer 
	Parameter C_LATENCY bound to: 14 - type: integer 
	Parameter C_HAS_ARESETn bound to: 0 - type: integer 
	Parameter C_HAS_ACLKEN bound to: 0 - type: integer 
	Parameter C_DATA_HAS_TLAST bound to: 0 - type: integer 
	Parameter C_S_DATA_HAS_FIFO bound to: 1 - type: integer 
	Parameter C_S_DATA_HAS_TUSER bound to: 0 - type: integer 
	Parameter C_S_DATA_TDATA_WIDTH bound to: 8 - type: integer 
	Parameter C_S_DATA_TUSER_WIDTH bound to: 1 - type: integer 
	Parameter C_M_DATA_HAS_TREADY bound to: 0 - type: integer 
	Parameter C_M_DATA_HAS_TUSER bound to: 0 - type: integer 
	Parameter C_M_DATA_TDATA_WIDTH bound to: 24 - type: integer 
	Parameter C_M_DATA_TUSER_WIDTH bound to: 1 - type: integer 
	Parameter C_HAS_CONFIG_CHANNEL bound to: 0 - type: integer 
	Parameter C_CONFIG_SYNC_MODE bound to: 0 - type: integer 
	Parameter C_CONFIG_PACKET_SIZE bound to: 0 - type: integer 
	Parameter C_CONFIG_TDATA_WIDTH bound to: 1 - type: integer 
	Parameter C_RELOAD_TDATA_WIDTH bound to: 1 - type: integer 
INFO: [Synth 8-3491] module 'fir_compiler_v7_2_22' declared at 'f:/AI/project_3/project_3.gen/sources_1/ip/fir_compiler_0/hdl/fir_compiler_v7_2_vh_rfs.vhd:67067' bound to instance 'U0' of component 'fir_compiler_v7_2_22' [f:/AI/project_3/project_3.gen/sources_1/ip/fir_compiler_0/synth/fir_compiler_0.vhd:198]
INFO: [Synth 8-256] done synthesizing module 'fir_compiler_0' (0#1) [f:/AI/project_3/project_3.gen/sources_1/ip/fir_compiler_0/synth/fir_compiler_0.vhd:70]
WARNING: [Synth 8-7129] Port SCLR_ALT in module delay__parameterized21 is either unconnected or has no load
WARNING: [Synth 8-7129] Port CE_B in module dpr_mem is either unconnected or has no load
WARNING: [Synth 8-7129] Port SCLR_A in module dpr_mem is either unconnected or has no load
WARNING: [Synth 8-7129] Port SCLR_B in module dpr_mem is either unconnected or has no load
WARNING: [Synth 8-7129] Port SCLR in module delay__parameterized20 is either unconnected or has no load
WARNING: [Synth 8-7129] Port SCLR_ALT in module delay__parameterized20 is either unconnected or has no load
WARNING: [Synth 8-7129] Port SCLR_ALT in module delay__parameterized19 is either unconnected or has no load
WARNING: [Synth 8-7129] Port SCLR in module delay__parameterized18 is either unconnected or has no load
WARNING: [Synth 8-7129] Port SCLR_ALT in module delay__parameterized18 is either unconnected or has no load
WARNING: [Synth 8-7129] Port SCLR in module delay__parameterized15 is either unconnected or has no load
WARNING: [Synth 8-7129] Port SCLR_ALT in module delay__parameterized15 is either unconnected or has no load
WARNING: [Synth 8-7129] Port SCLR in module delay__parameterized16 is either unconnected or has no load
WARNING: [Synth 8-7129] Port SCLR_ALT in module delay__parameterized16 is either unconnected or has no load
WARNING: [Synth 8-7129] Port WE in module delay__parameterized14 is either unconnected or has no load
WARNING: [Synth 8-7129] Port CE in module delay__parameterized14 is either unconnected or has no load
WARNING: [Synth 8-7129] Port SCLR in module delay__parameterized14 is either unconnected or has no load
WARNING: [Synth 8-7129] Port SCLR_ALT in module delay__parameterized14 is either unconnected or has no load
WARNING: [Synth 8-7129] Port CLK in module delay__parameterized14 is either unconnected or has no load
WARNING: [Synth 8-7129] Port WE in module delay__parameterized13 is either unconnected or has no load
WARNING: [Synth 8-7129] Port CE in module delay__parameterized13 is either unconnected or has no load
WARNING: [Synth 8-7129] Port SCLR in module delay__parameterized13 is either unconnected or has no load
WARNING: [Synth 8-7129] Port SCLR_ALT in module delay__parameterized13 is either unconnected or has no load
WARNING: [Synth 8-7129] Port CLK in module delay__parameterized13 is either unconnected or has no load
WARNING: [Synth 8-7129] Port PRE_ADDSUB in module calc__parameterized0 is either unconnected or has no load
WARNING: [Synth 8-7129] Port PRE_ADD_BYPASS in module calc__parameterized0 is either unconnected or has no load
WARNING: [Synth 8-7129] Port CED in module calc__parameterized0 is either unconnected or has no load
WARNING: [Synth 8-7129] Port WE in module delay__parameterized12 is either unconnected or has no load
WARNING: [Synth 8-7129] Port CE in module delay__parameterized12 is either unconnected or has no load
WARNING: [Synth 8-7129] Port SCLR in module delay__parameterized12 is either unconnected or has no load
WARNING: [Synth 8-7129] Port SCLR_ALT in module delay__parameterized12 is either unconnected or has no load
WARNING: [Synth 8-7129] Port CLK in module delay__parameterized12 is either unconnected or has no load
WARNING: [Synth 8-7129] Port WE in module delay__parameterized11 is either unconnected or has no load
WARNING: [Synth 8-7129] Port CE in module delay__parameterized11 is either unconnected or has no load
WARNING: [Synth 8-7129] Port SCLR in module delay__parameterized11 is either unconnected or has no load
WARNING: [Synth 8-7129] Port SCLR_ALT in module delay__parameterized11 is either unconnected or has no load
WARNING: [Synth 8-7129] Port CLK in module delay__parameterized11 is either unconnected or has no load
WARNING: [Synth 8-7129] Port POUT[fab][57] in module add_accum is either unconnected or has no load
WARNING: [Synth 8-7129] Port POUT[fab][56] in module add_accum is either unconnected or has no load
WARNING: [Synth 8-7129] Port POUT[fab][55] in module add_accum is either unconnected or has no load
WARNING: [Synth 8-7129] Port POUT[fab][54] in module add_accum is either unconnected or has no load
WARNING: [Synth 8-7129] Port POUT[fab][53] in module add_accum is either unconnected or has no load
WARNING: [Synth 8-7129] Port POUT[fab][52] in module add_accum is either unconnected or has no load
WARNING: [Synth 8-7129] Port POUT[fab][51] in module add_accum is either unconnected or has no load
WARNING: [Synth 8-7129] Port POUT[fab][50] in module add_accum is either unconnected or has no load
WARNING: [Synth 8-7129] Port POUT[fab][49] in module add_accum is either unconnected or has no load
WARNING: [Synth 8-7129] Port POUT[fab][48] in module add_accum is either unconnected or has no load
WARNING: [Synth 8-7129] Port POUT[casc][62] in module add_accum is either unconnected or has no load
WARNING: [Synth 8-7129] Port POUT[casc][61] in module add_accum is either unconnected or has no load
WARNING: [Synth 8-7129] Port POUT[casc][60] in module add_accum is either unconnected or has no load
WARNING: [Synth 8-7129] Port POUT[casc][59] in module add_accum is either unconnected or has no load
WARNING: [Synth 8-7129] Port POUT[casc][58] in module add_accum is either unconnected or has no load
WARNING: [Synth 8-7129] Port POUT[casc][57] in module add_accum is either unconnected or has no load
WARNING: [Synth 8-7129] Port POUT[casc][56] in module add_accum is either unconnected or has no load
WARNING: [Synth 8-7129] Port POUT[casc][55] in module add_accum is either unconnected or has no load
WARNING: [Synth 8-7129] Port POUT[casc][54] in module add_accum is either unconnected or has no load
WARNING: [Synth 8-7129] Port POUT[casc][53] in module add_accum is either unconnected or has no load
WARNING: [Synth 8-7129] Port POUT[casc][52] in module add_accum is either unconnected or has no load
WARNING: [Synth 8-7129] Port POUT[casc][51] in module add_accum is either unconnected or has no load
WARNING: [Synth 8-7129] Port POUT[casc][50] in module add_accum is either unconnected or has no load
WARNING: [Synth 8-7129] Port POUT[casc][49] in module add_accum is either unconnected or has no load
WARNING: [Synth 8-7129] Port POUT[casc][48] in module add_accum is either unconnected or has no load
WARNING: [Synth 8-7129] Port PIN[fab][57] in module add_accum is either unconnected or has no load
WARNING: [Synth 8-7129] Port PIN[fab][56] in module add_accum is either unconnected or has no load
WARNING: [Synth 8-7129] Port PIN[fab][55] in module add_accum is either unconnected or has no load
WARNING: [Synth 8-7129] Port PIN[fab][54] in module add_accum is either unconnected or has no load
WARNING: [Synth 8-7129] Port PIN[fab][53] in module add_accum is either unconnected or has no load
WARNING: [Synth 8-7129] Port PIN[fab][52] in module add_accum is either unconnected or has no load
WARNING: [Synth 8-7129] Port PIN[fab][51] in module add_accum is either unconnected or has no load
WARNING: [Synth 8-7129] Port PIN[fab][50] in module add_accum is either unconnected or has no load
WARNING: [Synth 8-7129] Port PIN[fab][49] in module add_accum is either unconnected or has no load
WARNING: [Synth 8-7129] Port PIN[fab][48] in module add_accum is either unconnected or has no load
WARNING: [Synth 8-7129] Port PIN[fab][47] in module add_accum is either unconnected or has no load
WARNING: [Synth 8-7129] Port PIN[fab][46] in module add_accum is either unconnected or has no load
WARNING: [Synth 8-7129] Port PIN[fab][45] in module add_accum is either unconnected or has no load
WARNING: [Synth 8-7129] Port PIN[fab][44] in module add_accum is either unconnected or has no load
WARNING: [Synth 8-7129] Port PIN[fab][43] in module add_accum is either unconnected or has no load
WARNING: [Synth 8-7129] Port PIN[fab][42] in module add_accum is either unconnected or has no load
WARNING: [Synth 8-7129] Port PIN[fab][41] in module add_accum is either unconnected or has no load
WARNING: [Synth 8-7129] Port PIN[fab][40] in module add_accum is either unconnected or has no load
WARNING: [Synth 8-7129] Port PIN[fab][39] in module add_accum is either unconnected or has no load
WARNING: [Synth 8-7129] Port PIN[fab][38] in module add_accum is either unconnected or has no load
WARNING: [Synth 8-7129] Port PIN[fab][37] in module add_accum is either unconnected or has no load
WARNING: [Synth 8-7129] Port PIN[fab][36] in module add_accum is either unconnected or has no load
WARNING: [Synth 8-7129] Port PIN[fab][35] in module add_accum is either unconnected or has no load
WARNING: [Synth 8-7129] Port PIN[fab][34] in module add_accum is either unconnected or has no load
WARNING: [Synth 8-7129] Port PIN[fab][33] in module add_accum is either unconnected or has no load
WARNING: [Synth 8-7129] Port PIN[fab][32] in module add_accum is either unconnected or has no load
WARNING: [Synth 8-7129] Port PIN[fab][31] in module add_accum is either unconnected or has no load
WARNING: [Synth 8-7129] Port PIN[fab][30] in module add_accum is either unconnected or has no load
WARNING: [Synth 8-7129] Port PIN[fab][29] in module add_accum is either unconnected or has no load
WARNING: [Synth 8-7129] Port PIN[fab][28] in module add_accum is either unconnected or has no load
WARNING: [Synth 8-7129] Port PIN[fab][27] in module add_accum is either unconnected or has no load
WARNING: [Synth 8-7129] Port PIN[fab][26] in module add_accum is either unconnected or has no load
WARNING: [Synth 8-7129] Port PIN[fab][25] in module add_accum is either unconnected or has no load
WARNING: [Synth 8-7129] Port PIN[fab][24] in module add_accum is either unconnected or has no load
WARNING: [Synth 8-7129] Port PIN[fab][23] in module add_accum is either unconnected or has no load
WARNING: [Synth 8-7129] Port PIN[fab][22] in module add_accum is either unconnected or has no load
WARNING: [Synth 8-7129] Port PIN[fab][21] in module add_accum is either unconnected or has no load
WARNING: [Synth 8-7129] Port PIN[fab][20] in module add_accum is either unconnected or has no load
WARNING: [Synth 8-7129] Port PIN[fab][19] in module add_accum is either unconnected or has no load
INFO: [Common 17-14] Message 'Synth 8-7129' appears 100 times and further instances of the messages will be disabled. Use the Tcl command set_msg_config to change the current settings.
---------------------------------------------------------------------------------
Finished RTL Elaboration : Time (s): cpu = 00:00:47 ; elapsed = 00:00:51 . Memory (MB): peak = 1801.273 ; gain = 746.414
---------------------------------------------------------------------------------
---------------------------------------------------------------------------------
Start Handling Custom Attributes
---------------------------------------------------------------------------------
---------------------------------------------------------------------------------
Finished Handling Custom Attributes : Time (s): cpu = 00:00:47 ; elapsed = 00:00:51 . Memory (MB): peak = 1801.273 ; gain = 746.414
---------------------------------------------------------------------------------
---------------------------------------------------------------------------------
Finished RTL Optimization Phase 1 : Time (s): cpu = 00:00:47 ; elapsed = 00:00:51 . Memory (MB): peak = 1801.273 ; gain = 746.414
---------------------------------------------------------------------------------
Netlist sorting complete. Time (s): cpu = 00:00:00 ; elapsed = 00:00:00.086 . Memory (MB): peak = 1801.273 ; gain = 0.000
INFO: [Netlist 29-17] Analyzing 5 Unisim elements for replacement
INFO: [Netlist 29-28] Unisim Transformation completed in 0 CPU seconds
INFO: [Project 1-570] Preparing netlist for logic optimization

Processing XDC Constraints
Initializing timing engine
Parsing XDC File [f:/AI/project_3/project_3.gen/sources_1/ip/fir_compiler_0/fir_compiler_0_ooc.xdc] for cell 'U0'
Finished Parsing XDC File [f:/AI/project_3/project_3.gen/sources_1/ip/fir_compiler_0/fir_compiler_0_ooc.xdc] for cell 'U0'
Parsing XDC File [f:/AI/project_3/project_3.gen/sources_1/ip/fir_compiler_0/constraints/fir_compiler_v7_2.xdc] for cell 'U0'
Finished Parsing XDC File [f:/AI/project_3/project_3.gen/sources_1/ip/fir_compiler_0/constraints/fir_compiler_v7_2.xdc] for cell 'U0'
Parsing XDC File [F:/AI/project_3/project_3.runs/fir_compiler_0_synth_1/dont_touch.xdc]
Finished Parsing XDC File [F:/AI/project_3/project_3.runs/fir_compiler_0_synth_1/dont_touch.xdc]
Completed Processing XDC Constraints

Netlist sorting complete. Time (s): cpu = 00:00:00 ; elapsed = 00:00:00.002 . Memory (MB): peak = 1801.273 ; gain = 0.000
INFO: [Project 1-111] Unisim Transformation Summary:
No Unisim elements were transformed.

Constraint Validation Runtime : Time (s): cpu = 00:00:00 ; elapsed = 00:00:00.118 . Memory (MB): peak = 1801.273 ; gain = 0.000
INFO: [Designutils 20-5008] Incremental synthesis strategy off
---------------------------------------------------------------------------------
Finished Constraint Validation : Time (s): cpu = 00:01:13 ; elapsed = 00:01:18 . Memory (MB): peak = 1801.273 ; gain = 746.414
---------------------------------------------------------------------------------
---------------------------------------------------------------------------------
Start Loading Part and Timing Information
---------------------------------------------------------------------------------
Loading part: xc7z020clg400-2
---------------------------------------------------------------------------------
Finished Loading Part and Timing Information : Time (s): cpu = 00:01:13 ; elapsed = 00:01:18 . Memory (MB): peak = 1801.273 ; gain = 746.414
---------------------------------------------------------------------------------
---------------------------------------------------------------------------------
Start Applying 'set_property' XDC Constraints
---------------------------------------------------------------------------------
Applied set_property KEEP_HIERARCHY = SOFT for U0. (constraint file  F:/AI/project_3/project_3.runs/fir_compiler_0_synth_1/dont_touch.xdc, line 9).
---------------------------------------------------------------------------------
Finished applying 'set_property' XDC Constraints : Time (s): cpu = 00:01:13 ; elapsed = 00:01:18 . Memory (MB): peak = 1801.273 ; gain = 746.414
---------------------------------------------------------------------------------
---------------------------------------------------------------------------------
Finished RTL Optimization Phase 2 : Time (s): cpu = 00:01:15 ; elapsed = 00:01:21 . Memory (MB): peak = 1801.273 ; gain = 746.414
---------------------------------------------------------------------------------
INFO: [Synth 8-223] decloning instance 'U0/i_synth/g_polyphase_interpolation.i_polyphase_interpolation/g_parallel.i_cntrl_src' (delay__parameterized2) to 'U0/i_synth/g_polyphase_interpolation.i_polyphase_interpolation/g_parallel.g_cntrl_sym.i_addsup'
---------------------------------------------------------------------------------
Start RTL Component Statistics 
---------------------------------------------------------------------------------
---------------------------------------------------------------------------------
Finished RTL Component Statistics 
---------------------------------------------------------------------------------
---------------------------------------------------------------------------------
Start Part Resource Summary
---------------------------------------------------------------------------------
Part Resources:
DSPs: 220 (col length:60)
BRAMs: 280 (col length: RAMB18 60 RAMB36 30)
---------------------------------------------------------------------------------
Finished Part Resource Summary
---------------------------------------------------------------------------------
---------------------------------------------------------------------------------
Start Cross Boundary and Area Optimization
---------------------------------------------------------------------------------
WARNING: [Synth 8-7080] Parallel synthesis criteria is not met
---------------------------------------------------------------------------------
Finished Cross Boundary and Area Optimization : Time (s): cpu = 00:01:22 ; elapsed = 00:01:28 . Memory (MB): peak = 1801.273 ; gain = 746.414
---------------------------------------------------------------------------------
---------------------------------------------------------------------------------
Start Applying XDC Timing Constraints
---------------------------------------------------------------------------------
---------------------------------------------------------------------------------
Finished Applying XDC Timing Constraints : Time (s): cpu = 00:01:43 ; elapsed = 00:01:50 . Memory (MB): peak = 1801.273 ; gain = 746.414
---------------------------------------------------------------------------------
---------------------------------------------------------------------------------
Start Timing Optimization
---------------------------------------------------------------------------------
---------------------------------------------------------------------------------
Finished Timing Optimization : Time (s): cpu = 00:01:43 ; elapsed = 00:01:51 . Memory (MB): peak = 1801.273 ; gain = 746.414
---------------------------------------------------------------------------------
---------------------------------------------------------------------------------
Start Technology Mapping
---------------------------------------------------------------------------------
---------------------------------------------------------------------------------
Finished Technology Mapping : Time (s): cpu = 00:01:44 ; elapsed = 00:01:51 . Memory (MB): peak = 1801.273 ; gain = 746.414
---------------------------------------------------------------------------------
---------------------------------------------------------------------------------
Start IO Insertion
---------------------------------------------------------------------------------
---------------------------------------------------------------------------------
Start Flattening Before IO Insertion
---------------------------------------------------------------------------------
---------------------------------------------------------------------------------
Finished Flattening Before IO Insertion
---------------------------------------------------------------------------------
---------------------------------------------------------------------------------
Start Final Netlist Cleanup
---------------------------------------------------------------------------------
---------------------------------------------------------------------------------
Finished Final Netlist Cleanup
---------------------------------------------------------------------------------
---------------------------------------------------------------------------------
Finished IO Insertion : Time (s): cpu = 00:01:51 ; elapsed = 00:01:58 . Memory (MB): peak = 1801.273 ; gain = 746.414
---------------------------------------------------------------------------------
---------------------------------------------------------------------------------
Start Renaming Generated Instances
---------------------------------------------------------------------------------
---------------------------------------------------------------------------------
Finished Renaming Generated Instances : Time (s): cpu = 00:01:51 ; elapsed = 00:01:58 . Memory (MB): peak = 1801.273 ; gain = 746.414
---------------------------------------------------------------------------------
---------------------------------------------------------------------------------
Start Rebuilding User Hierarchy
---------------------------------------------------------------------------------
---------------------------------------------------------------------------------
Finished Rebuilding User Hierarchy : Time (s): cpu = 00:01:51 ; elapsed = 00:01:58 . Memory (MB): peak = 1801.273 ; gain = 746.414
---------------------------------------------------------------------------------
---------------------------------------------------------------------------------
Start Renaming Generated Ports
---------------------------------------------------------------------------------
---------------------------------------------------------------------------------
Finished Renaming Generated Ports : Time (s): cpu = 00:01:51 ; elapsed = 00:01:58 . Memory (MB): peak = 1801.273 ; gain = 746.414
---------------------------------------------------------------------------------
---------------------------------------------------------------------------------
Start Handling Custom Attributes
---------------------------------------------------------------------------------
---------------------------------------------------------------------------------
Finished Handling Custom Attributes : Time (s): cpu = 00:01:51 ; elapsed = 00:01:58 . Memory (MB): peak = 1801.273 ; gain = 746.414
---------------------------------------------------------------------------------
---------------------------------------------------------------------------------
Start Renaming Generated Nets
---------------------------------------------------------------------------------
---------------------------------------------------------------------------------
Finished Renaming Generated Nets : Time (s): cpu = 00:01:51 ; elapsed = 00:01:59 . Memory (MB): peak = 1801.273 ; gain = 746.414
---------------------------------------------------------------------------------
---------------------------------------------------------------------------------
Start Writing Synthesis Report
---------------------------------------------------------------------------------

DSP Final Report (the ' indicates corresponding REG is set)
+---------------------+------------------------------------------------+--------+--------+--------+--------+--------+------+------+------+------+-------+------+------+
|Module Name          | DSP Mapping                                    | A Size | B Size | C Size | D Size | P Size | AREG | BREG | CREG | DREG | ADREG | MREG | PREG | 
+---------------------+------------------------------------------------+--------+--------+--------+--------+--------+------+------+------+------+-------+------+------+
|calc__parameterized0 | Dynamic                                        | -      | -      | -      | -      | 48     | -    | -    | -    | -    | -     | 0    | 1    | 
|calc_14              | (PCIN+((Dynamically Configured Multiplier))')' | -      | -      | -      | -      | 48     | -    | -    | -    | -    | 1     | 1    | 1    | 
|calc_13              | (PCIN+((Dynamically Configured Multiplier))')' | -      | -      | -      | -      | 48     | -    | -    | -    | -    | 1     | 1    | 1    | 
|calc_12              | (PCIN+((Dynamically Configured Multiplier))')' | -      | -      | -      | -      | 48     | -    | -    | -    | -    | 1     | 1    | 1    | 
|calc                 | (C'+((Dynamically Configured Multiplier))')'   | -      | -      | 0      | -      | 48     | -    | -    | 1    | -    | 1     | 1    | 1    | 
+---------------------+------------------------------------------------+--------+--------+--------+--------+--------+------+------+------+------+-------+------+------+


Report BlackBoxes: 
+-+--------------+----------+
| |BlackBox name |Instances |
+-+--------------+----------+
+-+--------------+----------+

Report Cell Usage: 
+------+--------+------+
|      |Cell    |Count |
+------+--------+------+
|1     |DSP48E1 |     5|
|3     |LUT1    |     4|
|4     |LUT2    |     8|
|5     |LUT3    |    22|
|6     |LUT4    |    24|
|7     |LUT5    |    57|
|8     |LUT6    |    18|
|9     |RAM64M  |     6|
|10    |SRL16E  |    14|
|11    |FDRE    |   226|
+------+--------+------+
---------------------------------------------------------------------------------
Finished Writing Synthesis Report : Time (s): cpu = 00:01:51 ; elapsed = 00:01:59 . Memory (MB): peak = 1801.273 ; gain = 746.414
---------------------------------------------------------------------------------
Synthesis finished with 0 errors, 0 critical warnings and 18 warnings.
Synthesis Optimization Runtime : Time (s): cpu = 00:00:56 ; elapsed = 00:01:50 . Memory (MB): peak = 1801.273 ; gain = 746.414
Synthesis Optimization Complete : Time (s): cpu = 00:01:51 ; elapsed = 00:01:59 . Memory (MB): peak = 1801.273 ; gain = 746.414
INFO: [Project 1-571] Translating synthesized netlist
Netlist sorting complete. Time (s): cpu = 00:00:00 ; elapsed = 00:00:00.022 . Memory (MB): peak = 1801.273 ; gain = 0.000
INFO: [Netlist 29-17] Analyzing 11 Unisim elements for replacement
INFO: [Netlist 29-28] Unisim Transformation completed in 0 CPU seconds
INFO: [Project 1-570] Preparing netlist for logic optimization
INFO: [Opt 31-138] Pushed 0 inverter(s) to 0 load pin(s).
Netlist sorting complete. Time (s): cpu = 00:00:00 ; elapsed = 00:00:00 . Memory (MB): peak = 1801.273 ; gain = 0.000
INFO: [Project 1-111] Unisim Transformation Summary:
  A total of 6 instances were transformed.
  RAM64M => RAM64M (RAMD64E(x4)): 6 instances

Synth Design complete | Checksum: 40ba5a3d
INFO: [Common 17-83] Releasing license: Synthesis
24 Infos, 101 Warnings, 0 Critical Warnings and 0 Errors encountered.
synth_design completed successfully
synth_design: Time (s): cpu = 00:02:03 ; elapsed = 00:02:20 . Memory (MB): peak = 1801.273 ; gain = 1172.113
Write ShapeDB Complete: Time (s): cpu = 00:00:00 ; elapsed = 00:00:00.005 . Memory (MB): peak = 1801.273 ; gain = 0.000
INFO: [Common 17-1381] The checkpoint 'F:/AI/project_3/project_3.runs/fir_compiler_0_synth_1/fir_compiler_0.dcp' has been generated.
INFO: [Coretcl 2-1648] Added synthesis output to IP cache for IP fir_compiler_0, cache-ID = 3502c7937f8c2813
INFO: [Coretcl 2-1174] Renamed 49 cell refs.
Write ShapeDB Complete: Time (s): cpu = 00:00:00 ; elapsed = 00:00:00.005 . Memory (MB): peak = 1801.273 ; gain = 0.000
INFO: [Common 17-1381] The checkpoint 'F:/AI/project_3/project_3.runs/fir_compiler_0_synth_1/fir_compiler_0.dcp' has been generated.
INFO: [Vivado 12-24828] Executing command : report_utilization -file fir_compiler_0_utilization_synth.rpt -pb fir_compiler_0_utilization_synth.pb
INFO: [Common 17-206] Exiting Vivado at Tue Nov 26 20:17:49 2024...
